<?xml version="1.0" encoding="UTF-8"?>
<!-- Generated by org.testng.reporters.JUnitReportReporter -->
<testsuite hostname="LAPTOP-JLJQ2I3A" failures="0" tests="1" name="TestScripts.SecondTest" time="15.117" errors="0" timestamp="2023-01-30T16:11:33 IST" skipped="0">
  <testcase classname="TestScripts.SecondTest" name="secondTest" time="15.117"/>
  <system-out/>
</testsuite> <!-- TestScripts.SecondTest -->
