<?xml version="1.0" encoding="UTF-8"?>
<!-- Generated by org.testng.reporters.JUnitReportReporter -->
<testsuite hostname="LAPTOP-JLJQ2I3A" failures="0" tests="1" name="TestScripts.FourthTest" time="5.806" errors="0" timestamp="2023-01-30T19:50:31 IST" skipped="0">
  <testcase classname="TestScripts.FourthTest" name="fourthTest" time="5.806"/>
  <system-out/>
</testsuite> <!-- TestScripts.FourthTest -->
