<?xml version="1.0" encoding="UTF-8"?>
<!-- Generated by org.testng.reporters.JUnitReportReporter -->
<testsuite hostname="LAPTOP-JLJQ2I3A" failures="0" tests="1" name="TestScripts.FirstTest" time="4.335" errors="0" timestamp="2023-01-30T22:54:28 IST" skipped="0">
  <testcase classname="TestScripts.FirstTest" name="firstTest" time="4.335"/>
  <system-out/>
</testsuite> <!-- TestScripts.FirstTest -->
